<?xml version="1.0" encoding="UTF-8"?>
<!-- Generated by org.testng.reporters.JUnitReportReporter -->
<testsuite hostname="Rohit" failures="0" tests="1" name="testClass_testNG.TestKiteLogin" time="0.553" errors="0" timestamp="2022-06-21T22:56:56 IST" skipped="0">
  <testcase classname="testClass_testNG.TestKiteLogin" name="test1" time="0.553"/>
  <system-out>
    <![CDATA[Results are matching TC is passed]]>
  </system-out>
</testsuite> <!-- testClass_testNG.TestKiteLogin -->
